0 verbose cli /usr/local/bin/node /usr/local/lib/node_modules/npm/bin/npm-cli.js
1 info using npm@11.8.0
2 info using node@v24.12.0
3 silly config load:file:/usr/local/lib/node_modules/npm/npmrc
4 silly config load:file:/Users/adithyakrishnan/AdSense-Site/.npmrc
5 silly config load:file:/Users/adithyakrishnan/.npmrc
6 silly config load:file:/usr/local/etc/npmrc
7 verbose title npm exec netlify deploy --site *** --prod
8 verbose argv "exec" "--" "netlify" "deploy" "--site" "***" "--prod"
9 verbose logfile logs-max:10 dir:/Users/adithyakrishnan/AdSense-Site/npm-cache/_logs/2026-02-17T17_59_18_401Z-
10 verbose logfile /Users/adithyakrishnan/AdSense-Site/npm-cache/_logs/2026-02-17T17_59_18_401Z-debug-0.log
11 silly logfile start cleaning logs, removing 1 files
12 silly logfile done cleaning log files
13 silly packumentCache heap:4496293888 maxSize:1124073472 maxEntrySize:562036736
14 http fetch GET 200 https://registry.npmjs.org/netlify 2470ms (cache revalidated)
15 silly packumentCache heap:4496293888 maxSize:1124073472 maxEntrySize:562036736
16 silly packumentCache heap:4496293888 maxSize:1124073472 maxEntrySize:562036736
17 verbose shrinkwrap failed to load node_modules/.package-lock.json missing from node_modules: node_modules/netlify/site
18 warn exec The following package was not found and will be installed: netlify@23.15.1
19 silly idealTree buildDeps
20 silly fetch manifest netlify@23.15.1
21 silly packumentCache full:https://registry.npmjs.org/netlify cache-miss
22 http fetch GET 200 https://registry.npmjs.org/netlify 327ms (cache revalidated)
23 silly packumentCache full:https://registry.npmjs.org/netlify set size:1261009 disposed:false
24 silly placeDep ROOT netlify@23.15.1 REPLACE for:  want: 23.15.1
25 silly reify moves {}
26 silly audit bulk request {
26 silly audit   netlify: [ '23.15.1' ],
26 silly audit   'ipaddr.js': [ '2.3.0', '1.9.1' ],
26 silly audit   'content-disposition': [ '1.0.1', '0.5.4' ],
26 silly audit   glob: [ '13.0.0', '10.5.0' ],
26 silly audit   'lru-cache': [ '11.2.5', '10.4.3' ],
26 silly audit   minimatch: [ '10.1.1', '9.0.5', '5.1.6' ],
26 silly audit   'path-scurry': [ '2.0.1', '1.11.1' ],
26 silly audit   'iconv-lite': [ '0.7.2', '0.7.0' ],
26 silly audit   'emoji-regex': [ '9.2.2', '8.0.0', '10.6.0' ],
26 silly audit   'string-width': [ '5.1.2', '4.2.3', '7.2.0' ],
26 silly audit   'wrap-ansi': [ '8.1.0', '7.0.0', '6.2.0', '9.0.2' ],
26 silly audit   'node-fetch': [ '2.7.0', '3.3.2' ],
26 silly audit   'p-timeout': [ '6.1.4', '5.1.0' ],
26 silly audit   'p-wait-for': [ '5.0.2', '6.0.0' ],
26 silly audit   '@netlify/blobs': [ '10.1.0', '10.5.0' ],
26 silly audit   '@netlify/dev-utils': [ '4.3.0', '4.3.3', '4.3.2' ],
26 silly audit   'dot-prop': [ '9.0.0', '10.1.0' ],
26 silly audit   'env-paths': [ '3.0.0', '4.0.0' ],
26 silly audit   uuid: [ '11.1.0', '13.0.0' ],
26 silly audit   '@netlify/runtime-utils': [ '2.2.1', '2.2.0' ],
26 silly audit   execa: [ '8.0.1', '5.1.1' ],
26 silly audit   'get-stream': [ '8.0.1', '6.0.1', '5.2.0', '9.0.1' ],
26 silly audit   'human-signals': [ '5.0.0', '2.1.0' ],
26 silly audit   'is-stream': [ '3.0.0', '2.0.1', '4.0.1' ],
26 silly audit   'npm-run-path': [ '5.3.0', '4.0.1' ],
26 silly audit   onetime: [ '6.0.0', '7.0.0', '5.1.2' ],
26 silly audit   'read-package-up': [ '11.0.0', '12.0.0' ],
26 silly audit   'signal-exit': [ '4.1.0', '3.0.7' ],
26 silly audit   'strip-final-newline': [ '3.0.0', '2.0.0' ],
26 silly audit   'terminal-link': [ '4.0.0', '5.0.0' ],
26 silly audit   'find-up': [ '7.0.0', '8.0.0' ],
26 silly audit   zod: [ '4.3.6', '3.25.76' ],
26 silly audit   '@esbuild/aix-ppc64': [ '0.27.2' ],
26 silly audit   '@esbuild/android-arm': [ '0.27.2' ],
26 silly audit   '@esbuild/android-arm64': [ '0.27.2' ],
26 silly audit   '@esbuild/android-x64': [ '0.27.2' ],
26 silly audit   '@esbuild/darwin-arm64': [ '0.27.2' ],
26 silly audit   '@esbuild/darwin-x64': [ '0.27.2' ],
26 silly audit   '@esbuild/freebsd-arm64': [ '0.27.2' ],
26 silly audit   '@esbuild/freebsd-x64': [ '0.27.2' ],
26 silly audit   '@esbuild/linux-arm': [ '0.27.2' ],
26 silly audit   '@esbuild/linux-arm64': [ '0.27.2' ],
26 silly audit   '@esbuild/linux-ia32': [ '0.27.2' ],
26 silly audit   '@esbuild/linux-loong64': [ '0.27.2' ],
26 silly audit   '@esbuild/linux-mips64el': [ '0.27.2' ],
26 silly audit   '@esbuild/linux-ppc64': [ '0.27.2' ],
26 silly audit   '@esbuild/linux-riscv64': [ '0.27.2' ],
26 silly audit   '@esbuild/linux-s390x': [ '0.27.2' ],
26 silly audit   '@esbuild/linux-x64': [ '0.27.2' ],
26 silly audit   '@esbuild/netbsd-arm64': [ '0.27.2' ],
26 silly audit   '@esbuild/netbsd-x64': [ '0.27.2' ],
26 silly audit   '@esbuild/openbsd-arm64': [ '0.27.2' ],
26 silly audit   '@esbuild/openbsd-x64': [ '0.27.2' ],
26 silly audit   '@esbuild/openharmony-arm64': [ '0.27.2' ],
26 silly audit   '@esbuild/sunos-x64': [ '0.27.2' ],
26 silly audit   '@esbuild/win32-arm64': [ '0.27.2' ],
26 silly audit   '@esbuild/win32-ia32': [ '0.27.2' ],
26 silly audit   '@esbuild/win32-x64': [ '0.27.2' ],
26 silly audit   esbuild: [ '0.27.2' ],
26 silly audit   'get-port': [ '7.1.0', '5.1.1' ],
26 silly audit   '@opentelemetry/api': [ '1.9.0', '1.8.0' ],
26 silly audit   'detect-libc': [ '1.0.3', '2.1.2' ],
26 silly audit   'graceful-fs': [ '4.2.10', '4.2.11' ],
26 silly audit   entities: [ '4.5.0', '2.2.0' ],
26 silly audit   'urlpattern-polyfill': [ '10.1.0', '8.0.2' ],
26 silly audit   'p-event': [ '5.0.1', '6.0.1' ],
26 silly audit   'ansi-regex': [ '5.0.1', '6.2.2' ],
26 silly audit   'is-fullwidth-code-point': [ '3.0.0', '5.1.0' ],
26 silly audit   'strip-ansi': [ '6.0.1', '7.1.2' ],
26 silly audit   'ansi-escapes': [ '7.2.0', '4.3.2' ],
26 silly audit   'ansi-styles': [ '6.2.3', '4.3.0' ],
26 silly audit   picomatch: [ '2.3.1', '4.0.3' ],
26 silly audit   chalk: [ '4.1.2', '5.6.2' ],
26 silly audit   'color-convert': [ '2.0.1', '1.9.3' ],
26 silly audit   'supports-color': [ '7.2.0', '10.2.2' ],
26 silly audit   'readable-stream': [ '3.6.2', '2.3.8', '4.7.0' ],
26 silly audit   buffer: [ '5.7.1', '6.0.3' ],
26 silly audit   'buffer-crc32': [ '1.0.0', '0.2.13' ],
26 silly audit   chokidar: [ '4.0.3', '5.0.0' ],
26 silly audit   'cli-cursor': [ '3.1.0', '5.0.0' ],
26 silly audit   'color-name': [ '1.1.3', '1.1.4' ],
26 silly audit   commander: [ '12.1.0', '10.0.1', '2.20.3', '11.1.0' ],
26 silly audit   cookie: [ '1.0.2', '0.7.2' ],
26 silly audit   'path-key': [ '3.1.1', '4.0.0' ],
26 silly audit   'css-tree': [ '3.1.0', '2.2.1' ],
26 silly audit   'mdn-data': [ '2.0.28', '2.12.2' ],
26 silly audit   'mimic-response': [ '3.1.0', '4.0.0' ],
26 silly audit   depd: [ '2.0.0', '1.1.2' ],
26 silly audit   'type-fest': [ '5.4.3', '0.21.3', '4.41.0' ],
26 silly audit   dotenv: [ '17.2.3', '16.6.1' ],
26 silly audit   'escape-string-regexp': [ '5.0.0', '1.0.5' ],
26 silly audit   'http-errors': [ '2.0.1', '2.0.0', '1.8.1' ],
26 silly audit   'mime-db': [ '1.54.0', '1.52.0' ],
26 silly audit   statuses: [ '2.0.2', '1.5.0', '2.0.1' ],
26 silly audit   split2: [ '4.2.0', '1.1.1' ],
26 silly audit   figures: [ '6.1.0', '3.2.0' ],
26 silly audit   'locate-path': [ '8.0.0', '7.2.0' ],
26 silly audit   'unicorn-magic': [ '0.3.0', '0.1.0' ],
26 silly audit   'safe-buffer': [ '5.1.2', '5.2.1' ],
26 silly audit   string_decoder: [ '1.1.1', '1.3.0' ],
26 silly audit   ini: [ '4.1.1', '1.3.8' ],
26 silly audit   'has-flag': [ '4.0.0', '5.0.1' ],
26 silly audit   'hosted-git-info': [ '8.1.0', '9.0.2', '7.0.2' ],
26 silly audit   rxjs: [ '6.6.7', '7.8.2' ],
26 silly audit   tslib: [ '1.14.1', '2.8.1' ],
26 silly audit   'is-plain-obj': [ '4.1.0', '2.1.0', '1.1.0' ],
26 silly audit   'is-unicode-supported': [ '2.1.0', '0.1.0' ],
26 silly audit   isexe: [ '3.1.1', '2.0.0' ],
26 silly audit   'process-warning': [ '4.0.1', '5.0.0' ],
26 silly audit   pathe: [ '1.1.2', '2.0.3' ],
26 silly audit   'restore-cursor': [ '5.1.0', '3.1.0' ],
26 silly audit   pump: [ '1.0.3', '3.0.3' ],
26 silly audit   'mimic-fn': [ '4.0.0', '2.1.0' ],
26 silly audit   'normalize-package-data': [ '7.0.1', '8.0.0', '6.0.2' ],
26 silly audit   'normalize-path': [ '3.0.0', '2.1.1' ],
26 silly audit   'read-pkg': [ '10.0.0', '9.0.1' ],
26 silly audit   readdirp: [ '4.1.2', '5.0.0' ],
26 silly audit   resolve: [ '1.22.11', '2.0.0-next.5' ],
26 silly audit   'supports-hyperlinks': [ '3.2.0', '4.4.0' ],
26 silly audit   '@babel/code-frame': [ '7.27.1' ],
26 silly audit   '@babel/helper-string-parser': [ '7.27.1' ],
26 silly audit   '@babel/helper-validator-identifier': [ '7.28.5' ],
26 silly audit   '@babel/parser': [ '7.29.0' ],
26 silly audit   '@babel/types': [ '7.29.0' ],
26 silly audit   '@bugsnag/browser': [ '8.6.0' ],
26 silly audit   '@bugsnag/core': [ '8.6.0' ],
26 silly audit   '@bugsnag/cuid': [ '3.2.1' ],
26 silly audit   '@bugsnag/js': [ '8.6.0' ],
26 silly audit   '@bugsnag/node': [ '8.6.0' ],
26 silly audit   '@bugsnag/safe-json-stringify': [ '6.1.0' ],
26 silly audit   '@colors/colors': [ '1.6.0' ],
26 silly audit   '@cspotcode/source-map-support': [ '0.8.1' ],
26 silly audit   '@jridgewell/trace-mapping': [ '0.3.9' ],
26 silly audit   '@dabh/diagnostics': [ '2.0.3' ],
26 silly audit   '@dependents/detective-less': [ '5.0.1' ],
26 silly audit   '@emnapi/runtime': [ '1.5.0' ],
26 silly audit   '@envelop/instrumentation': [ '1.0.0' ],
26 silly audit   '@fastify/accept-negotiator': [ '2.0.1' ],
26 silly audit   '@fastify/ajv-compiler': [ '4.0.5' ],
26 silly audit   '@fastify/busboy': [ '3.2.0' ],
26 silly audit   '@fastify/error': [ '4.2.0' ],
26 silly audit   '@fastify/fast-json-stringify-compiler': [ '5.0.3' ],
26 silly audit   '@fastify/forwarded': [ '3.0.1' ],
26 silly audit   '@fastify/merge-json-schemas': [ '0.2.1' ],
26 silly audit   '@fastify/proxy-addr': [ '5.1.0' ],
26 silly audit   '@fastify/send': [ '4.1.0' ],
26 silly audit   '@fastify/static': [ '9.0.0' ],
26 silly audit   '@humanwhocodes/momoa': [ '2.0.4' ],
26 silly audit   '@iarna/toml': [ '2.2.5' ],
26 silly audit   '@img/colour': [ '1.0.0' ],
26 silly audit   '@img/sharp-darwin-arm64': [ '0.34.4' ],
26 silly audit   '@img/sharp-darwin-x64': [ '0.34.4' ],
26 silly audit   '@img/sharp-libvips-darwin-arm64': [ '1.2.3' ],
26 silly audit   '@img/sharp-libvips-darwin-x64': [ '1.2.3' ],
26 silly audit   '@img/sharp-libvips-linux-arm': [ '1.2.3' ],
26 silly audit   '@img/sharp-libvips-linux-arm64': [ '1.2.3' ],
26 silly audit   '@img/sharp-libvips-linux-ppc64': [ '1.2.3' ],
26 silly audit   '@img/sharp-libvips-linux-s390x': [ '1.2.3' ],
26 silly audit   '@img/sharp-libvips-linux-x64': [ '1.2.3' ],
26 silly audit   '@img/sharp-libvips-linuxmusl-arm64': [ '1.2.3' ],
26 silly audit   '@img/sharp-libvips-linuxmusl-x64': [ '1.2.3' ],
26 silly audit   '@img/sharp-linux-arm': [ '0.34.4' ],
26 silly audit   '@img/sharp-linux-arm64': [ '0.34.4' ],
26 silly audit   '@img/sharp-linux-ppc64': [ '0.34.4' ],
26 silly audit   '@img/sharp-linux-s390x': [ '0.34.4' ],
26 silly audit   '@img/sharp-linux-x64': [ '0.34.4' ],
26 silly audit   '@img/sharp-linuxmusl-arm64': [ '0.34.4' ],
26 silly audit   '@img/sharp-linuxmusl-x64': [ '0.34.4' ],
26 silly audit   '@img/sharp-wasm32': [ '0.34.4' ],
26 silly audit   '@img/sharp-win32-arm64': [ '0.34.4' ],
26 silly audit   '@img/sharp-win32-ia32': [ '0.34.4' ],
26 silly audit   '@img/sharp-win32-x64': [ '0.34.4' ],
26 silly audit   '@import-maps/resolve': [ '2.0.0' ],
26 silly audit   '@inquirer/external-editor': [ '1.0.2' ],
26 silly audit   '@isaacs/balanced-match': [ '4.0.1' ],
26 silly audit   '@isaacs/brace-expansion': [ '5.0.1' ],
26 silly audit   '@isaacs/cliui': [ '8.0.2' ],
26 silly audit   '@isaacs/fs-minipass': [ '4.0.1' ],
26 silly audit   '@jridgewell/resolve-uri': [ '3.1.2' ],
26 silly audit   '@jridgewell/sourcemap-codec': [ '1.5.5' ],
26 silly audit   '@lukeed/ms': [ '2.0.2' ],
26 silly audit   '@mapbox/node-pre-gyp': [ '2.0.0' ],
26 silly audit   '@netlify/ai': [ '0.3.4' ],
26 silly audit   '@netlify/api': [ '14.0.13' ],
26 silly audit   '@netlify/binary-info': [ '1.0.0' ],
26 silly audit   '@netlify/build': [ '35.5.14' ],
26 silly audit   '@netlify/build-info': [ '10.3.0' ],
26 silly audit   '@sindresorhus/slugify': [ '2.2.1' ],
26 silly audit   '@netlify/cache-utils': [ '6.0.4' ],
26 silly audit   '@netlify/config': [ '24.3.0' ],
26 silly audit   '@netlify/edge-bundler': [ '14.9.5' ],
26 silly audit   '@netlify/edge-functions': [ '3.0.3' ],
26 silly audit   '@netlify/edge-functions-bootstrap': [ '2.17.1' ],
26 silly audit   '@netlify/types': [ '2.3.0' ],
26 silly audit   '@netlify/functions-utils': [ '6.2.21' ],
26 silly audit   '@netlify/git-utils': [ '6.0.3' ],
26 silly audit   '@netlify/headers-parser': [ '9.0.2' ],
26 silly audit   '@netlify/images': [ '1.2.5' ],
26 silly audit   '@netlify/local-functions-proxy': [ '2.0.3' ],
26 silly audit   '@netlify/local-functions-proxy-darwin-arm64': [ '1.1.1' ],
26 silly audit   '@netlify/local-functions-proxy-darwin-x64': [ '1.1.1' ],
26 silly audit   '@netlify/local-functions-proxy-freebsd-arm64': [ '1.1.1' ],
26 silly audit   '@netlify/local-functions-proxy-freebsd-x64': [ '1.1.1' ],
26 silly audit   '@netlify/local-functions-proxy-linux-arm': [ '1.1.1' ],
26 silly audit   '@netlify/local-functions-proxy-linux-arm64': [ '1.1.1' ],
26 silly audit   '@netlify/local-functions-proxy-linux-ia32': [ '1.1.1' ],
26 silly audit   '@netlify/local-functions-proxy-linux-ppc64': [ '1.1.1' ],
26 silly audit   '@netlify/local-functions-proxy-linux-x64': [ '1.1.1' ],
26 silly audit   '@netlify/local-functions-proxy-openbsd-x64': [ '1.1.1' ],
26 silly audit   '@netlify/local-functions-proxy-win32-ia32': [ '1.1.1' ],
26 silly audit   '@netlify/local-functions-proxy-win32-x64': [ '1.1.1' ],
26 silly audit   '@netlify/open-api': [ '2.46.0' ],
26 silly audit   '@netlify/opentelemetry-utils': [ '2.0.1' ],
26 silly audit   '@netlify/otel': [ '5.1.1' ],
26 silly audit   '@netlify/plugins-list': [ '6.81.1' ],
26 silly audit   '@netlify/redirect-parser': [ '15.0.3' ],
26 silly audit   '@netlify/run-utils': [ '6.0.2' ],
26 silly audit   '@netlify/serverless-functions-api': [ '2.8.3' ],
26 silly audit   '@netlify/zip-it-and-ship-it': [ '14.3.1' ],
26 silly audit   '@nodelib/fs.scandir': [ '2.1.5' ],
26 silly audit   '@nodelib/fs.stat': [ '2.0.5' ],
26 silly audit   '@nodelib/fs.walk': [ '1.2.8' ],
26 silly audit   '@octokit/auth-token': [ '6.0.0' ],
26 silly audit   '@octokit/core': [ '7.0.5' ],
26 silly audit   '@octokit/endpoint': [ '11.0.1' ],
26 silly audit   '@octokit/graphql': [ '9.0.2' ],
26 silly audit   '@octokit/openapi-types': [ '26.0.0' ],
26 silly audit   '@octokit/plugin-paginate-rest': [ '13.2.0' ],
26 silly audit   '@octokit/plugin-request-log': [ '6.0.0' ],
26 silly audit   '@octokit/plugin-rest-endpoint-methods': [ '16.1.0' ],
26 silly audit   '@octokit/request': [ '10.0.5' ],
26 silly audit   '@octokit/request-error': [ '7.0.1' ],
26 silly audit   '@octokit/rest': [ '22.0.0' ],
26 silly audit   '@octokit/types': [ '15.0.0' ],
26 silly audit   '@opentelemetry/api-logs': [ '0.203.0' ],
26 silly audit   '@opentelemetry/context-async-hooks': [ '1.30.1' ],
26 silly audit   '@opentelemetry/core': [ '1.30.1' ],
26 silly audit   '@opentelemetry/instrumentation': [ '0.203.0' ],
26 silly audit   '@opentelemetry/propagator-b3': [ '1.30.1' ],
26 silly audit   '@opentelemetry/propagator-jaeger': [ '1.30.1' ],
26 silly audit   '@opentelemetry/resources': [ '1.30.1' ],
26 silly audit   '@opentelemetry/sdk-trace-base': [ '1.30.1' ],
26 silly audit   '@opentelemetry/sdk-trace-node': [ '1.30.1' ],
26 silly audit   '@opentelemetry/semantic-conventions': [ '1.28.0' ],
26 silly audit   '@parcel/watcher': [ '2.5.1' ],
26 silly audit   '@parcel/watcher-android-arm64': [ '2.5.1' ],
26 silly audit   '@parcel/watcher-darwin-arm64': [ '2.5.1' ],
26 silly audit   '@parcel/watcher-darwin-x64': [ '2.5.1' ],
26 silly audit   '@parcel/watcher-freebsd-x64': [ '2.5.1' ],
26 silly audit   '@parcel/watcher-linux-arm-glibc': [ '2.5.1' ],
26 silly audit   '@parcel/watcher-linux-arm-musl': [ '2.5.1' ],
26 silly audit   '@parcel/watcher-linux-arm64-glibc': [ '2.5.1' ],
26 silly audit   '@parcel/watcher-linux-arm64-musl': [ '2.5.1' ],
26 silly audit   '@parcel/watcher-linux-x64-glibc': [ '2.5.1' ],
26 silly audit   '@parcel/watcher-linux-x64-musl': [ '2.5.1' ],
26 silly audit   '@parcel/watcher-wasm': [ '2.5.1' ],
26 silly audit   '@parcel/watcher-win32-arm64': [ '2.5.1' ],
26 silly audit   '@parcel/watcher-win32-ia32': [ '2.5.1' ],
26 silly audit   '@parcel/watcher-win32-x64': [ '2.5.1' ],
26 silly audit   '@pinojs/redact': [ '0.4.0' ],
26 silly audit   '@pkgjs/parseargs': [ '0.11.0' ],
26 silly audit   '@pnpm/config.env-replace': [ '1.1.0' ],
26 silly audit   '@pnpm/network.ca-file': [ '1.0.2' ],
26 silly audit   '@pnpm/npm-conf': [ '2.3.1' ],
26 silly audit   '@pnpm/tabtab': [ '0.5.4' ],
26 silly audit   '@rollup/pluginutils': [ '5.3.0' ],
26 silly audit   '@rollup/rollup-android-arm-eabi': [ '4.52.2' ],
26 silly audit   '@rollup/rollup-android-arm64': [ '4.52.2' ],
26 silly audit   '@rollup/rollup-darwin-arm64': [ '4.52.2' ],
26 silly audit   '@rollup/rollup-darwin-x64': [ '4.52.2' ],
26 silly audit   '@rollup/rollup-freebsd-arm64': [ '4.52.2' ],
26 silly audit   '@rollup/rollup-freebsd-x64': [ '4.52.2' ],
26 silly audit   '@rollup/rollup-linux-arm-gnueabihf': [ '4.52.2' ],
26 silly audit   '@rollup/rollup-linux-arm-musleabihf': [ '4.52.2' ],
26 silly audit   '@rollup/rollup-linux-arm64-gnu': [ '4.52.2' ],
26 silly audit   '@rollup/rollup-linux-arm64-musl': [ '4.52.2' ],
26 silly audit   '@rollup/rollup-linux-loong64-gnu': [ '4.52.2' ],
26 silly audit   '@rollup/rollup-linux-ppc64-gnu': [ '4.52.2' ],
26 silly audit   '@rollup/rollup-linux-riscv64-gnu': [ '4.52.2' ],
26 silly audit   '@rollup/rollup-linux-riscv64-musl': [ '4.52.2' ],
26 silly audit   '@rollup/rollup-linux-s390x-gnu': [ '4.52.2' ],
26 silly audit   '@rollup/rollup-linux-x64-gnu': [ '4.52.2' ],
26 silly audit   '@rollup/rollup-linux-x64-musl': [ '4.52.2' ],
26 silly audit   '@rollup/rollup-openharmony-arm64': [ '4.52.2' ],
26 silly audit   '@rollup/rollup-win32-arm64-msvc': [ '4.52.2' ],
26 silly audit   '@rollup/rollup-win32-ia32-msvc': [ '4.52.2' ],
26 silly audit   '@rollup/rollup-win32-x64-gnu': [ '4.52.2' ],
26 silly audit   '@rollup/rollup-win32-x64-msvc': [ '4.52.2' ],
26 silly audit   '@sec-ant/readable-stream': [ '0.4.1' ],
26 silly audit   '@sindresorhus/is': [ '5.6.0' ],
26 silly audit   '@sindresorhus/merge-streams': [ '2.3.0' ],
26 silly audit   '@sindresorhus/transliterate': [ '1.6.0' ],
26 silly audit   '@szmarczak/http-timer': [ '5.0.1' ],
26 silly audit   '@tokenizer/token': [ '0.3.0' ],
26 silly audit   '@tsconfig/node10': [ '1.0.11' ],
26 silly audit   '@tsconfig/node12': [ '1.0.11' ],
26 silly audit   '@tsconfig/node14': [ '1.0.3' ],
26 silly audit   '@tsconfig/node16': [ '1.0.4' ],
26 silly audit   '@types/estree': [ '1.0.8' ],
26 silly audit   '@types/http-cache-semantics': [ '4.0.4' ],
26 silly audit   '@types/http-proxy': [ '1.17.16' ],
26 silly audit   '@types/node': [ '22.18.11' ],
26 silly audit   '@types/normalize-package-data': [ '2.4.4' ],
26 silly audit   '@types/retry': [ '0.12.2' ],
26 silly audit   '@types/triple-beam': [ '1.3.5' ],
26 silly audit   '@types/yauzl': [ '2.10.3' ],
26 silly audit   '@typescript-eslint/project-service': [ '8.45.0' ],
26 silly audit   '@typescript-eslint/tsconfig-utils': [ '8.45.0' ],
26 silly audit   '@typescript-eslint/types': [ '8.45.0' ],
26 silly audit   '@typescript-eslint/typescript-estree': [ '8.45.0' ],
26 silly audit   '@typescript-eslint/visitor-keys': [ '8.45.0' ],
26 silly audit   'eslint-visitor-keys': [ '4.2.1' ],
26 silly audit   '@vercel/nft': [ '0.29.4' ],
26 silly audit   '@vue/compiler-core': [ '3.5.22' ],
26 silly audit   '@vue/compiler-dom': [ '3.5.22' ],
26 silly audit   '@vue/compiler-sfc': [ '3.5.22' ],
26 silly audit   '@vue/compiler-ssr': [ '3.5.22' ],
26 silly audit   '@vue/shared': [ '3.5.22' ],
26 silly audit   '@whatwg-node/disposablestack': [ '0.0.6' ],
26 silly audit   '@whatwg-node/fetch': [ '0.10.11' ],
26 silly audit   '@whatwg-node/node-fetch': [ '0.8.0' ],
26 silly audit   '@whatwg-node/promise-helpers': [ '1.3.2' ],
26 silly audit   '@whatwg-node/server': [ '0.10.12' ],
26 silly audit   '@xhmikosr/archive-type': [ '6.0.1' ],
26 silly audit   '@xhmikosr/decompress': [ '9.0.1' ],
26 silly audit   '@xhmikosr/decompress-tar': [ '7.0.0' ],
26 silly audit   '@xhmikosr/decompress-tarbz2': [ '7.0.0' ],
26 silly audit   '@xhmikosr/decompress-targz': [ '7.0.0' ],
26 silly audit   '@xhmikosr/decompress-unzip': [ '6.0.0' ],
26 silly audit   '@xhmikosr/downloader': [ '13.0.1' ],
26 silly audit   abbrev: [ '3.0.1' ],
26 silly audit   'abort-controller': [ '3.0.0' ],
26 silly audit   'abstract-logging': [ '2.0.1' ],
26 silly audit   acorn: [ '8.15.0' ],
26 silly audit   'acorn-import-attributes': [ '1.9.5' ],
26 silly audit   'acorn-walk': [ '8.3.4' ],
26 silly audit   'agent-base': [ '7.1.4' ],
26 silly audit   ajv: [ '8.17.1' ],
26 silly audit   'ajv-errors': [ '3.0.0' ],
26 silly audit   'ajv-formats': [ '3.0.1' ],
26 silly audit   'ansi-align': [ '3.0.1' ],
26 silly audit   'ansi-colors': [ '4.1.3' ],
26 silly audit   'ansi-to-html': [ '0.7.2' ],
26 silly audit   ansis: [ '4.1.0' ],
26 silly audit   anymatch: [ '3.1.3' ],
26 silly audit   archiver: [ '7.0.1' ],
26 silly audit   'archiver-utils': [ '5.0.2' ],
26 silly audit   arg: [ '4.1.3' ],
26 silly audit   'array-timsort': [ '1.0.3' ],
26 silly audit   'ascii-table': [ '0.0.9' ],
26 silly audit   'ast-module-types': [ '6.0.1' ],
26 silly audit   async: [ '3.2.6' ],
26 silly audit   'async-sema': [ '3.1.1' ],
26 silly audit   'atomic-sleep': [ '1.0.0' ],
26 silly audit   atomically: [ '2.0.3' ],
26 silly audit   avvio: [ '9.1.0' ],
26 silly audit   b4a: [ '1.7.2' ],
26 silly audit   backoff: [ '2.5.0' ],
26 silly audit   'balanced-match': [ '1.0.2' ],
26 silly audit   'bare-events': [ '2.7.0' ],
26 silly audit   'base64-js': [ '1.5.1' ],
26 silly audit   'before-after-hook': [ '4.0.0' ],
26 silly audit   'better-ajv-errors': [ '1.2.0' ],
26 silly audit   bindings: [ '1.5.0' ],
26 silly audit   bl: [ '4.1.0' ],
26 silly audit   boolbase: [ '1.0.0' ],
26 silly audit   boxen: [ '8.0.1' ],
26 silly audit   'brace-expansion': [ '2.0.2' ],
26 silly audit   braces: [ '3.0.3' ],
26 silly audit   'buffer-equal-constant-time': [ '1.0.1' ],
26 silly audit   'buffer-from': [ '1.1.2' ],
26 silly audit   'bundle-name': [ '4.1.0' ],
26 silly audit   byline: [ '5.0.0' ],
26 silly audit   bytes: [ '3.1.2' ],
26 silly audit   'cacheable-lookup': [ '7.0.0' ],
26 silly audit   'cacheable-request': [ '10.2.14' ],
26 silly audit   'call-bind-apply-helpers': [ '1.0.2' ],
26 silly audit   'call-bound': [ '1.0.4' ],
26 silly audit   callsite: [ '1.0.0' ],
26 silly audit   camelcase: [ '8.0.0' ],
26 silly audit   chardet: [ '2.1.0' ],
26 silly audit   chownr: [ '3.0.0' ],
26 silly audit   'ci-info': [ '4.4.0' ],
26 silly audit   citty: [ '0.1.6' ],
26 silly audit   'cjs-module-lexer': [ '1.4.3' ],
26 silly audit   'clean-deep': [ '3.4.0' ],
26 silly audit   'clean-stack': [ '5.3.0' ],
26 silly audit   'cli-boxes': [ '3.0.0' ],
26 silly audit   'cli-spinners': [ '2.9.2' ],
26 silly audit   'cli-width': [ '3.0.0' ],
26 silly audit   clipboardy: [ '4.0.0' ],
26 silly audit   cliui: [ '8.0.1' ],
26 silly audit   clone: [ '1.0.4' ],
26 silly audit   color: [ '3.2.1' ],
26 silly audit   'color-string': [ '1.9.1' ],
26 silly audit   colors: [ '1.4.0' ],
26 silly audit   colorspace: [ '1.1.4' ],
26 silly audit   'comment-json': [ '4.3.0' ],
26 silly audit   'common-path-prefix': [ '3.0.0' ],
26 silly audit   'compress-commons': [ '6.0.2' ],
26 silly audit   confbox: [ '0.1.8' ],
26 silly audit   'config-chain': [ '1.1.13' ],
26 silly audit   configstore: [ '7.1.0' ],
26 silly audit   consola: [ '3.4.2' ],
26 silly audit   'content-type': [ '1.0.5' ],
26 silly audit   'cookie-es': [ '1.2.2' ],
26 silly audit   'copy-file': [ '11.1.0' ],
26 silly audit   'core-util-is': [ '1.0.3' ],
26 silly audit   cpy: [ '11.1.0' ],
26 silly audit   'crc-32': [ '1.2.2' ],
26 silly audit   'crc32-stream': [ '6.0.0' ],
26 silly audit   'create-require': [ '1.1.1' ],
26 silly audit   'cron-parser': [ '4.9.0' ],
26 silly audit   'cross-spawn': [ '7.0.6' ],
26 silly audit   crossws: [ '0.3.5' ],
26 silly audit   'css-select': [ '5.2.2' ],
26 silly audit   'css-what': [ '6.2.2' ],
26 silly audit   cssfilter: [ '0.0.10' ],
26 silly audit   csso: [ '5.0.5' ],
26 silly audit   cyclist: [ '1.0.2' ],
26 silly audit   'data-uri-to-buffer': [ '4.0.1' ],
26 silly audit   debug: [ '4.4.3' ],
26 silly audit   decache: [ '4.6.2' ],
26 silly audit   'decompress-response': [ '6.0.0' ],
26 silly audit   'deep-extend': [ '0.6.0' ],
26 silly audit   deepmerge: [ '4.3.1' ],
26 silly audit   'default-browser': [ '5.5.0' ],
26 silly audit   'default-browser-id': [ '5.0.0' ],
26 silly audit   defaults: [ '1.0.4' ],
26 silly audit   'defer-to-connect': [ '2.0.1' ],
26 silly audit   'define-lazy-prop': [ '3.0.0' ],
26 silly audit   defu: [ '6.1.4' ],
26 silly audit   dequal: [ '2.0.3' ],
26 silly audit   destr: [ '2.0.5' ],
26 silly audit   'detective-amd': [ '6.0.1' ],
26 silly audit   'detective-cjs': [ '6.0.1' ],
26 silly audit   'detective-es6': [ '5.0.1' ],
26 silly audit   'detective-postcss': [ '7.0.1' ],
26 silly audit   'detective-sass': [ '6.0.1' ],
26 silly audit   'detective-scss': [ '5.0.1' ],
26 silly audit   'detective-stylus': [ '5.0.1' ],
26 silly audit   'detective-typescript': [ '14.0.0' ],
26 silly audit   'detective-vue2': [ '2.2.0' ],
26 silly audit   dettle: [ '1.0.5' ],
26 silly audit   diff: [ '4.0.4' ],
26 silly audit   'dom-serializer': [ '2.0.0' ],
26 silly audit   domelementtype: [ '2.3.0' ],
26 silly audit   domhandler: [ '5.0.3' ],
26 silly audit   domutils: [ '3.2.2' ],
26 silly audit   'dunder-proto': [ '1.0.1' ],
26 silly audit   eastasianwidth: [ '0.2.0' ],
26 silly audit   'ecdsa-sig-formatter': [ '1.0.11' ],
26 silly audit   'ee-first': [ '1.1.1' ],
26 silly audit   empathic: [ '2.0.0' ],
26 silly audit   enabled: [ '2.0.0' ],
26 silly audit   encodeurl: [ '2.0.0' ],
26 silly audit   'end-of-stream': [ '1.4.5' ],
26 silly audit   enquirer: [ '2.4.1' ],
26 silly audit   envinfo: [ '7.15.0' ],
26 silly audit   environment: [ '1.1.0' ],
26 silly audit   'error-stack-parser': [ '2.1.4' ],
26 silly audit   'es-define-property': [ '1.0.1' ],
26 silly audit   'es-errors': [ '1.3.0' ],
26 silly audit   'es-module-lexer': [ '1.7.0' ],
26 silly audit   'es-object-atoms': [ '1.1.1' ],
26 silly audit   escalade: [ '3.2.0' ],
26 silly audit   'escape-goat': [ '4.0.0' ],
26 silly audit   'escape-html': [ '1.0.3' ],
26 silly audit   escodegen: [ '2.1.0' ],
26 silly audit   esprima: [ '4.0.1' ],
26 silly audit   estraverse: [ '5.3.0' ],
26 silly audit   'estree-walker': [ '2.0.2' ],
26 silly audit   esutils: [ '2.0.3' ],
26 silly audit   etag: [ '1.8.1' ],
26 silly audit   'event-target-shim': [ '5.0.1' ],
26 silly audit   eventemitter3: [ '4.0.7' ],
26 silly audit   events: [ '3.3.0' ],
26 silly audit   'events-universal': [ '1.0.1' ],
26 silly audit   express: [ '5.2.1' ],
26 silly audit   'express-logging': [ '1.1.1' ],
26 silly audit   accepts: [ '2.0.0' ],
26 silly audit   'body-parser': [ '2.2.2' ],
26 silly audit   'cookie-signature': [ '1.2.2' ],
26 silly audit   finalhandler: [ '2.1.1' ],
26 silly audit   fresh: [ '2.0.0' ],
26 silly audit   'media-typer': [ '1.1.0' ],
26 silly audit   'merge-descriptors': [ '2.0.0' ],
26 silly audit   'mime-types': [ '3.0.2' ],
26 silly audit   negotiator: [ '1.0.0' ],
26 silly audit   qs: [ '6.14.1' ],
26 silly audit   send: [ '1.2.1' ],
26 silly audit   'serve-static': [ '2.2.1' ],
26 silly audit   'type-is': [ '2.0.1' ],
26 silly audit   'ext-list': [ '2.2.2' ],
26 silly audit   'ext-name': [ '5.0.0' ],
26 silly audit   'extract-zip': [ '2.0.1' ],
26 silly audit   'fast-content-type-parse': [ '3.0.0' ],
26 silly audit   'fast-decode-uri-component': [ '1.0.1' ],
26 silly audit   'fast-deep-equal': [ '3.1.3' ],
26 silly audit   'fast-equals': [ '5.4.0' ],
26 silly audit   'fast-fifo': [ '1.3.2' ],
26 silly audit   'fast-glob': [ '3.3.3' ],
26 silly audit   'glob-parent': [ '5.1.2' ],
26 silly audit   'fast-json-stringify': [ '6.2.0' ],
26 silly audit   'fast-querystring': [ '1.1.2' ],
26 silly audit   'fast-safe-stringify': [ '2.1.1' ],
26 silly audit   'fast-stringify': [ '4.0.0' ],
26 silly audit   'fast-uri': [ '3.1.0' ],
26 silly audit   'fastest-levenshtein': [ '1.0.16' ],
26 silly audit   fastify: [ '5.7.3' ],
26 silly audit   'fastify-plugin': [ '5.1.0' ],
26 silly audit   pino: [ '10.3.0' ],
26 silly audit   'pino-abstract-transport': [ '3.0.0' ],
26 silly audit   'thread-stream': [ '4.0.0' ],
26 silly audit   fastq: [ '1.19.1' ],
26 silly audit   'fd-slicer': [ '1.1.0' ],
26 silly audit   fdir: [ '6.5.0' ],
26 silly audit   fecha: [ '4.2.3' ],
26 silly audit   'fetch-blob': [ '3.2.0' ],
26 silly audit   'file-type': [ '18.7.0' ],
26 silly audit   'file-uri-to-path': [ '1.0.0' ],
26 silly audit   'filename-reserved-regex': [ '3.0.0' ],
26 silly audit   filenamify: [ '5.1.1' ],
26 silly audit   'fill-range': [ '7.1.1' ],
26 silly audit   'filter-obj': [ '6.1.0' ],
26 silly audit   'find-my-way': [ '9.4.0' ],
26 silly audit   'find-up-simple': [ '1.0.1' ],
26 silly audit   'fn.name': [ '1.1.0' ],
26 silly audit   'folder-walker': [ '3.2.0' ],
26 silly audit   'follow-redirects': [ '1.15.11' ],
26 silly audit   'foreground-child': [ '3.3.1' ],
26 silly audit   'form-data-encoder': [ '2.1.4' ],
26 silly audit   'formdata-polyfill': [ '4.0.10' ],
26 silly audit   forwarded: [ '0.2.0' ],
26 silly audit   from2: [ '2.3.0' ],
26 silly audit   fsevents: [ '2.3.3' ],
26 silly audit   'function-bind': [ '1.1.2' ],
26 silly audit   fuzzy: [ '0.1.3' ],
26 silly audit   'get-amd-module-type': [ '6.0.1' ],
26 silly audit   'get-caller-file': [ '2.0.5' ],
26 silly audit   'get-east-asian-width': [ '1.4.0' ],
26 silly audit   'get-intrinsic': [ '1.3.0' ],
26 silly audit   'get-port-please': [ '3.2.0' ],
26 silly audit   'get-proto': [ '1.0.1' ],
26 silly audit   'gh-release-fetch': [ '4.0.3' ],
26 silly audit   'git-repo-info': [ '2.1.1' ],
26 silly audit   gitconfiglocal: [ '2.1.0' ],
26 silly audit   'global-directory': [ '4.0.1' ],
26 silly audit   globby: [ '14.1.0' ],
26 silly audit   ignore: [ '7.0.5' ],
26 silly audit   'gonzales-pe': [ '4.3.0' ],
26 silly audit   gopd: [ '1.2.0' ],
26 silly audit   got: [ '12.6.1' ],
26 silly audit   h3: [ '1.15.5' ],
26 silly audit   'has-symbols': [ '1.1.0' ],
26 silly audit   hasown: [ '2.0.2' ],
26 silly audit   'hot-shots': [ '11.4.0' ],
26 silly audit   'http-cache-semantics': [ '4.2.0' ],
26 silly audit   'http-proxy': [ '1.18.1' ],
26 silly audit   'http-proxy-middleware': [ '3.0.5' ],
26 silly audit   'http-shutdown': [ '1.2.2' ],
26 silly audit   'http2-wrapper': [ '2.2.1' ],
26 silly audit   'https-proxy-agent': [ '7.0.6' ],
26 silly audit   ieee754: [ '1.2.1' ],
26 silly audit   'image-meta': [ '0.2.1' ],
26 silly audit   'image-size': [ '2.0.2' ],
26 silly audit   'import-in-the-middle': [ '1.15.0' ],
26 silly audit   imurmurhash: [ '0.1.4' ],
26 silly audit   'indent-string': [ '5.0.0' ],
26 silly audit   'index-to-position': [ '1.2.0' ],
26 silly audit   inherits: [ '2.0.4' ],
26 silly audit   inquirer: [ '8.2.7' ],
26 silly audit   'inquirer-autocomplete-prompt': [ '1.4.0' ],
26 silly audit   'inspect-with-kind': [ '1.0.5' ],
26 silly audit   ipx: [ '3.1.1' ],
26 silly audit   'iron-webcrypto': [ '1.2.1' ],
26 silly audit   'is-arrayish': [ '0.3.4' ],
26 silly audit   'is-core-module': [ '2.16.1' ],
26 silly audit   'is-docker': [ '3.0.0' ],
26 silly audit   'is-error-instance': [ '2.0.0' ],
26 silly audit   'is-extglob': [ '2.1.1' ],
26 silly audit   'is-glob': [ '4.0.3' ],
26 silly audit   'is-in-ci': [ '1.0.0' ],
26 silly audit   'is-in-ssh': [ '1.0.0' ],
26 silly audit   'is-inside-container': [ '1.0.0' ],
26 silly audit   'is-installed-globally': [ '1.0.0' ],
26 silly audit   'is-interactive': [ '1.0.0' ],
26 silly audit   'is-network-error': [ '1.3.0' ],
26 silly audit   'is-npm': [ '6.1.0' ],
26 silly audit   'is-number': [ '7.0.0' ],
26 silly audit   'is-path-inside': [ '4.0.0' ],
26 silly audit   'is-plain-object': [ '5.0.0' ],
26 silly audit   'is-safe-filename': [ '0.1.1' ],
26 silly audit   'is-url': [ '1.2.4' ],
26 silly audit   'is-url-superb': [ '4.0.0' ],
26 silly audit   'is-wsl': [ '3.1.0' ],
26 silly audit   is64bit: [ '2.0.0' ],
26 silly audit   isarray: [ '1.0.0' ],
26 silly audit   iserror: [ '0.0.2' ],
26 silly audit   jackspeak: [ '3.4.3' ],
26 silly audit   jiti: [ '2.6.0' ],
26 silly audit   'jpeg-js': [ '0.4.4' ],
26 silly audit   'js-image-generator': [ '1.0.4' ],
26 silly audit   'js-tokens': [ '4.0.0' ],
26 silly audit   'json-buffer': [ '3.0.1' ],
26 silly audit   'json-schema-ref-resolver': [ '3.0.0' ],
26 silly audit   'json-schema-traverse': [ '1.0.0' ],
26 silly audit   jsonpointer: [ '5.0.1' ],
26 silly audit   jsonwebtoken: [ '9.0.3' ],
26 silly audit   jwa: [ '2.0.1' ],
26 silly audit   jws: [ '4.0.1' ],
26 silly audit   junk: [ '4.0.1' ],
26 silly audit   'jwt-decode': [ '4.0.0' ],
26 silly audit   'keep-func-props': [ '6.0.0' ],
26 silly audit   keyv: [ '4.5.4' ],
26 silly audit   'kind-of': [ '6.0.3' ],
26 silly audit   kuler: [ '2.0.0' ],
26 silly audit   ky: [ '1.10.0' ],
26 silly audit   'lambda-local': [ '2.2.0' ],
26 silly audit   'latest-version': [ '9.0.0' ],
26 silly audit   lazystream: [ '1.0.1' ],
26 silly audit   leven: [ '3.1.0' ],
26 silly audit   'light-my-request': [ '6.6.0' ],
26 silly audit   listhen: [ '1.9.0' ],
26 silly audit   lodash: [ '4.17.23' ],
26 silly audit   'lodash.includes': [ '4.3.0' ],
26 silly audit   'lodash.isboolean': [ '3.0.3' ],
26 silly audit   'lodash.isempty': [ '4.4.0' ],
26 silly audit   'lodash.isinteger': [ '4.0.4' ],
26 silly audit   'lodash.isnumber': [ '3.0.3' ],
26 silly audit   'lodash.isplainobject': [ '4.0.6' ],
26 silly audit   'lodash.isstring': [ '4.0.1' ],
26 silly audit   'lodash.once': [ '4.1.1' ],
26 silly audit   'lodash.transform': [ '4.6.0' ],
26 silly audit   'log-process-errors': [ '11.0.1' ],
26 silly audit   'log-symbols': [ '4.1.0' ],
26 silly audit   'log-update': [ '6.1.0' ],
26 silly audit   logform: [ '2.7.0' ],
26 silly audit   'lowercase-keys': [ '3.0.0' ],
26 silly audit   luxon: [ '3.7.2' ],
26 silly audit   'macos-release': [ '3.4.0' ],
26 silly audit   'magic-string': [ '0.30.21' ],
26 silly audit   'make-dir': [ '4.0.0' ],
26 silly audit   'make-error': [ '1.3.6' ],
26 silly audit   'map-obj': [ '5.0.2' ],
26 silly audit   'math-intrinsics': [ '1.1.0' ],
26 silly audit   maxstache: [ '1.0.7' ],
26 silly audit   'maxstache-stream': [ '1.0.4' ],
26 silly audit   'memoize-one': [ '6.0.0' ],
26 silly audit   'merge-options': [ '3.0.4' ],
26 silly audit   'merge-stream': [ '2.0.0' ],
26 silly audit   merge2: [ '1.4.1' ],
26 silly audit   'micro-memoize': [ '5.1.1' ],
26 silly audit   micromatch: [ '4.0.8' ],
26 silly audit   mime: [ '3.0.0' ],
26 silly audit   'mimic-function': [ '5.0.1' ],
26 silly audit   minimist: [ '1.2.8' ],
26 silly audit   minipass: [ '7.1.2' ],
26 silly audit   minizlib: [ '3.1.0' ],
26 silly audit   mlly: [ '1.8.0' ],
26 silly audit   'module-definition': [ '6.0.1' ],
26 silly audit   'module-details-from-path': [ '1.0.4' ],
26 silly audit   'move-file': [ '3.1.0' ],
26 silly audit   ms: [ '2.1.3' ],
26 silly audit   multiparty: [ '4.2.3' ],
26 silly audit   'mute-stream': [ '0.0.8' ],
26 silly audit   nan: [ '2.23.0' ],
26 silly audit   nanoid: [ '3.3.11' ],
26 silly audit   nanospinner: [ '1.2.2' ],
26 silly audit   'netlify-redirector': [ '0.5.0' ],
26 silly audit   'node-addon-api': [ '7.1.1' ],
26 silly audit   'node-domexception': [ '1.0.0' ],
26 silly audit   'node-fetch-native': [ '1.6.7' ],
26 silly audit   'node-forge': [ '1.3.2' ],
26 silly audit   'node-gyp-build': [ '4.8.4' ],
26 silly audit   'node-mock-http': [ '1.0.4' ],
26 silly audit   'node-source-walk': [ '7.0.1' ],
26 silly audit   'node-stream-zip': [ '1.15.0' ],
26 silly audit   nopt: [ '8.1.0' ],
26 silly audit   'normalize-exception': [ '3.0.0' ],
26 silly audit   'normalize-url': [ '8.1.1' ],
26 silly audit   'nth-check': [ '2.1.1' ],
26 silly audit   'object-inspect': [ '1.13.4' ],
26 silly audit   ofetch: [ '1.5.1' ],
26 silly audit   'omit.js': [ '2.0.2' ],
26 silly audit   'on-exit-leak-free': [ '2.1.2' ],
26 silly audit   'on-finished': [ '2.4.1' ],
26 silly audit   'on-headers': [ '1.1.0' ],
26 silly audit   once: [ '1.4.0' ],
26 silly audit   'one-time': [ '1.0.0' ],
26 silly audit   open: [ '11.0.0' ],
26 silly audit   ora: [ '5.4.1' ],
26 silly audit   'os-name': [ '6.1.0' ],
26 silly audit   'p-cancelable': [ '3.0.0' ],
26 silly audit   'p-filter': [ '4.1.0' ],
26 silly audit   'p-limit': [ '4.0.0' ],
26 silly audit   'p-locate': [ '6.0.0' ],
26 silly audit   'p-map': [ '7.0.3' ],
26 silly audit   'p-reduce': [ '3.0.0' ],
26 silly audit   'p-retry': [ '6.2.1' ],
26 silly audit   'package-directory': [ '8.1.0' ],
26 silly audit   'package-json': [ '10.0.1' ],
26 silly audit   'package-json-from-dist': [ '1.0.1' ],
26 silly audit   'parallel-transform': [ '1.2.0' ],
26 silly audit   'parse-github-url': [ '1.0.3' ],
26 silly audit   'parse-gitignore': [ '2.0.0' ],
26 silly audit   'parse-imports': [ '2.2.1' ],
26 silly audit   'parse-json': [ '8.3.0' ],
26 silly audit   'parse-ms': [ '4.0.0' ],
26 silly audit   parseurl: [ '1.3.3' ],
26 silly audit   'path-exists': [ '5.0.0' ],
26 silly audit   'path-parse': [ '1.0.7' ],
26 silly audit   'path-type': [ '6.0.0' ],
26 silly audit   'peek-readable': [ '5.4.2' ],
26 silly audit   pend: [ '1.2.0' ],
26 silly audit   picocolors: [ '1.1.1' ],
26 silly audit   picoquery: [ '2.5.0' ],
26 silly audit   'pino-std-serializers': [ '7.0.0' ],
26 silly audit   'pkg-types': [ '1.3.1' ],
26 silly audit   postcss: [ '8.5.6' ],
26 silly audit   'postcss-values-parser': [ '6.0.2' ],
26 silly audit   'powershell-utils': [ '0.1.0' ],
26 silly audit   precinct: [ '12.2.0' ],
26 silly audit   precond: [ '0.2.3' ],
26 silly audit   'pretty-ms': [ '9.3.0' ],
26 silly audit   prettyjson: [ '1.2.5' ],
26 silly audit   process: [ '0.11.10' ],
26 silly audit   'process-nextick-args': [ '2.0.1' ],
26 silly audit   'proto-list': [ '1.2.4' ],
26 silly audit   'proxy-addr': [ '2.0.7' ],
26 silly audit   'ps-list': [ '8.1.1' ],
26 silly audit   pupa: [ '3.3.0' ],
26 silly audit   'queue-microtask': [ '1.2.3' ],
26 silly audit   'quick-format-unescaped': [ '4.0.4' ],
26 silly audit   'quick-lru': [ '5.1.1' ],
26 silly audit   'quote-unquote': [ '1.0.0' ],
26 silly audit   radix3: [ '1.1.2' ],
26 silly audit   'random-bytes': [ '1.0.0' ],
26 silly audit   'range-parser': [ '1.2.1' ],
26 silly audit   'raw-body': [ '3.0.1' ],
26 silly audit   rc: [ '1.2.8' ],
26 silly audit   'strip-json-comments': [ '2.0.1' ],
26 silly audit   'readable-web-to-node-stream': [ '3.0.4' ],
26 silly audit   'readdir-glob': [ '1.1.3' ],
26 silly audit   'real-require': [ '0.2.0' ],
26 silly audit   'registry-auth-token': [ '5.1.0' ],
26 silly audit   'registry-url': [ '6.0.1' ],
26 silly audit   'remove-trailing-separator': [ '1.1.0' ],
26 silly audit   'require-directory': [ '2.1.1' ],
26 silly audit   'require-from-string': [ '2.0.2' ],
26 silly audit   'require-in-the-middle': [ '7.5.2' ],
26 silly audit   'require-package-name': [ '2.0.1' ],
26 silly audit   'requires-port': [ '1.0.0' ],
26 silly audit   'resolve-alpn': [ '1.2.1' ],
26 silly audit   'resolve-from': [ '5.0.0' ],
26 silly audit   responselike: [ '3.0.0' ],
26 silly audit   ret: [ '0.5.0' ],
26 silly audit   retry: [ '0.13.1' ],
26 silly audit   reusify: [ '1.1.0' ],
26 silly audit   rfdc: [ '1.4.1' ],
26 silly audit   rollup: [ '4.52.2' ],
26 silly audit   router: [ '2.2.0' ],
26 silly audit   'is-promise': [ '4.0.0' ],
26 silly audit   'path-to-regexp': [ '8.3.0' ],
26 silly audit   'run-applescript': [ '7.1.0' ],
26 silly audit   'run-async': [ '2.4.1' ],
26 silly audit   'run-parallel': [ '1.2.0' ],
26 silly audit   'safe-json-stringify': [ '1.2.0' ],
26 silly audit   'safe-regex2': [ '5.0.0' ],
26 silly audit   'safe-stable-stringify': [ '2.5.0' ],
26 silly audit   'safer-buffer': [ '2.1.2' ],
26 silly audit   sax: [ '1.4.1' ],
26 silly audit   'secure-json-parse': [ '4.1.0' ],
26 silly audit   'seek-bzip': [ '1.0.6' ],
26 silly audit   semver: [ '7.7.2' ],
26 silly audit   'set-cookie-parser': [ '2.7.1' ],
26 silly audit   'set-error-message': [ '2.0.1' ],
26 silly audit   setprototypeof: [ '1.2.0' ],
26 silly audit   sharp: [ '0.34.4' ],
26 silly audit   'shebang-command': [ '2.0.0' ],
26 silly audit   'shebang-regex': [ '3.0.0' ],
26 silly audit   'side-channel': [ '1.1.0' ],
26 silly audit   'side-channel-list': [ '1.0.0' ],
26 silly audit   'side-channel-map': [ '1.0.1' ],
26 silly audit   'side-channel-weakmap': [ '1.0.2' ],
26 silly audit   'simple-swizzle': [ '0.2.4' ],
26 silly audit   slash: [ '5.1.0' ],
26 silly audit   slashes: [ '3.0.12' ],
26 silly audit   'slice-ansi': [ '7.1.2' ],
26 silly audit   'sonic-boom': [ '4.2.0' ],
26 silly audit   'sort-keys': [ '1.1.2' ],
26 silly audit   'sort-keys-length': [ '1.0.1' ],
26 silly audit   'source-map': [ '0.6.1' ],
26 silly audit   'source-map-js': [ '1.2.1' ],
26 silly audit   'source-map-support': [ '0.5.21' ],
26 silly audit   'spdx-correct': [ '3.2.0' ],
26 silly audit   'spdx-exceptions': [ '2.5.0' ],
26 silly audit   'spdx-expression-parse': [ '3.0.1' ],
26 silly audit   'spdx-license-ids': [ '3.0.22' ],
26 silly audit   'stack-generator': [ '2.0.10' ],
26 silly audit   'stack-trace': [ '0.0.10' ],
26 silly audit   stackframe: [ '1.3.4' ],
26 silly audit   'std-env': [ '3.9.0' ],
26 silly audit   streamx: [ '2.23.0' ],
26 silly audit   'strip-dirs': [ '3.0.0' ],
26 silly audit   'strip-outer': [ '2.0.0' ],
26 silly audit   strtok3: [ '7.1.1' ],
26 silly audit   'stubborn-fs': [ '1.2.5' ],
26 silly audit   'supports-preserve-symlinks-flag': [ '1.0.0' ],
26 silly audit   svgo: [ '4.0.0' ],
26 silly audit   'system-architecture': [ '0.1.0' ],
26 silly audit   'tagged-tag': [ '1.0.0' ],
26 silly audit   tar: [ '7.5.7' ],
26 silly audit   'tar-stream': [ '3.1.7' ],
26 silly audit   yallist: [ '5.0.0' ],
26 silly audit   'text-decoder': [ '1.2.3' ],
26 silly audit   'text-hex': [ '1.0.0' ],
26 silly audit   through: [ '2.3.8' ],
26 silly audit   through2: [ '2.0.5' ],
26 silly audit   tmp: [ '0.2.5' ],
26 silly audit   'tmp-promise': [ '3.0.3' ],
26 silly audit   'to-regex-range': [ '5.0.1' ],
26 silly audit   'toad-cache': [ '3.7.0' ],
26 silly audit   toidentifier: [ '1.0.1' ],
26 silly audit   'token-types': [ '5.0.1' ],
26 silly audit   toml: [ '3.0.0' ],
26 silly audit   'tomlify-j0.4': [ '3.0.0' ],
26 silly audit   tr46: [ '0.0.3' ],
26 silly audit   'trim-repeated': [ '2.0.0' ],
26 silly audit   'triple-beam': [ '1.4.1' ],
26 silly audit   'ts-api-utils': [ '2.1.0' ],
26 silly audit   'ts-node': [ '10.9.2' ],
26 silly audit   typescript: [ '5.8.3' ],
26 silly audit   ufo: [ '1.6.3' ],
26 silly audit   'uid-safe': [ '2.1.5' ],
26 silly audit   ulid: [ '3.0.1' ],
26 silly audit   'unbzip2-stream': [ '1.4.3' ],
26 silly audit   uncrypto: [ '0.1.3' ],
26 silly audit   'undici-types': [ '6.21.0' ],
26 silly audit   'universal-user-agent': [ '7.0.3' ],
26 silly audit   'unix-dgram': [ '2.0.7' ],
26 silly audit   unixify: [ '1.0.0' ],
26 silly audit   unpipe: [ '1.0.0' ],
26 silly audit   unstorage: [ '1.17.4' ],
26 silly audit   untildify: [ '4.0.0' ],
26 silly audit   untun: [ '0.1.3' ],
26 silly audit   'update-notifier': [ '7.3.1' ],
26 silly audit   uqr: [ '0.1.2' ],
26 silly audit   'util-deprecate': [ '1.0.2' ],
26 silly audit   'v8-compile-cache-lib': [ '3.0.1' ],
26 silly audit   'validate-npm-package-license': [ '3.0.4' ],
26 silly audit   'validate-npm-package-name': [ '5.0.1' ],
26 silly audit   vary: [ '1.1.2' ],
26 silly audit   wcwidth: [ '1.0.1' ],
26 silly audit   'web-streams-polyfill': [ '3.3.3' ],
26 silly audit   'webidl-conversions': [ '3.0.1' ],
26 silly audit   'whatwg-url': [ '5.0.0' ],
26 silly audit   'when-exit': [ '2.1.4' ],
26 silly audit   which: [ '2.0.2' ],
26 silly audit   'widest-line': [ '5.0.0' ],
26 silly audit   'windows-release': [ '6.1.0' ],
26 silly audit   winston: [ '3.17.0' ],
26 silly audit   'winston-transport': [ '4.9.0' ],
26 silly audit   wrappy: [ '1.0.2' ],
26 silly audit   'write-file-atomic': [ '5.0.1' ],
26 silly audit   ws: [ '8.18.3' ],
26 silly audit   'wsl-utils': [ '0.3.1' ],
26 silly audit   'xdg-basedir': [ '5.1.0' ],
26 silly audit   xss: [ '1.0.15' ],
26 silly audit   xtend: [ '4.0.2' ],
26 silly audit   y18n: [ '5.0.8' ],
26 silly audit   yaml: [ '2.8.1' ],
26 silly audit   yargs: [ '17.7.2' ],
26 silly audit   'yargs-parser': [ '21.1.1' ],
26 silly audit   yauzl: [ '2.10.0' ],
26 silly audit   yn: [ '3.1.1' ],
26 silly audit   'yocto-queue': [ '1.2.2' ],
26 silly audit   'zip-stream': [ '6.0.1' ],
26 silly audit   'cli-docs-site': [ '1.0.0' ],
26 silly audit   'napi-wasm': [ '1.1.0' ]
26 silly audit }
27 http fetch POST 200 https://registry.npmjs.org/-/npm/v1/security/advisories/bulk 271ms
28 silly audit report {
28 silly audit report   ajv: [
28 silly audit report     {
28 silly audit report       id: 1113205,
28 silly audit report       url: 'https://github.com/advisories/GHSA-2g4f-4pwh-qvx6',
28 silly audit report       title: 'ajv has ReDoS when using $data option',
28 silly audit report       severity: 'moderate',
28 silly audit report       vulnerable_versions: '<8.18.0',
28 silly audit report       cwe: [Array],
28 silly audit report       cvss: [Object]
28 silly audit report     }
28 silly audit report   ],
28 silly audit report   qs: [
28 silly audit report     {
28 silly audit report       id: 1113161,
28 silly audit report       url: 'https://github.com/advisories/GHSA-w7fw-mjwx-w883',
28 silly audit report       title: "qs's arrayLimit bypass in comma parsing allows denial of service",
28 silly audit report       severity: 'low',
28 silly audit report       vulnerable_versions: '>=6.7.0 <=6.14.1',
28 silly audit report       cwe: [Array],
28 silly audit report       cvss: [Object]
28 silly audit report     }
28 silly audit report   ]
28 silly audit report }
29 silly packumentCache corgi:https://registry.npmjs.org/ajv cache-miss
30 silly packumentCache corgi:https://registry.npmjs.org/qs cache-miss
31 http cache https://registry.npmjs.org/qs 4ms (cache hit)
32 silly packumentCache corgi:https://registry.npmjs.org/qs set size:143799 disposed:false
33 http cache https://registry.npmjs.org/ajv 7ms (cache hit)
34 silly packumentCache corgi:https://registry.npmjs.org/ajv set size:463222 disposed:false
35 silly packumentCache corgi:https://registry.npmjs.org/@fastify%2fajv-compiler cache-miss
36 silly packumentCache corgi:https://registry.npmjs.org/@netlify%2fedge-bundler cache-miss
37 silly packumentCache corgi:https://registry.npmjs.org/ajv-errors cache-miss
38 silly packumentCache corgi:https://registry.npmjs.org/ajv-formats cache-miss
39 silly packumentCache corgi:https://registry.npmjs.org/better-ajv-errors cache-miss
40 silly packumentCache corgi:https://registry.npmjs.org/fast-json-stringify cache-miss
41 http cache https://registry.npmjs.org/ajv-errors 7ms (cache hit)
42 silly packumentCache corgi:https://registry.npmjs.org/ajv-errors set size:15238 disposed:false
43 http cache https://registry.npmjs.org/@netlify%2fedge-bundler 9ms (cache hit)
44 silly packumentCache corgi:https://registry.npmjs.org/@netlify%2fedge-bundler set size:367669 disposed:false
45 http cache https://registry.npmjs.org/better-ajv-errors 10ms (cache hit)
46 silly packumentCache corgi:https://registry.npmjs.org/better-ajv-errors set size:61993 disposed:false
47 http cache https://registry.npmjs.org/@fastify%2fajv-compiler 12ms (cache hit)
48 silly packumentCache corgi:https://registry.npmjs.org/@fastify%2fajv-compiler set size:31526 disposed:false
49 http cache https://registry.npmjs.org/fast-json-stringify 12ms (cache hit)
50 silly packumentCache corgi:https://registry.npmjs.org/fast-json-stringify set size:246680 disposed:false
51 http cache https://registry.npmjs.org/ajv-formats 14ms (cache hit)
52 silly packumentCache corgi:https://registry.npmjs.org/ajv-formats set size:63554 disposed:false
53 silly packumentCache corgi:https://registry.npmjs.org/express cache-miss
54 silly packumentCache corgi:https://registry.npmjs.org/body-parser cache-miss
55 http cache https://registry.npmjs.org/body-parser 2ms (cache hit)
56 silly packumentCache corgi:https://registry.npmjs.org/body-parser set size:77795 disposed:false
57 http cache https://registry.npmjs.org/express 3ms (cache hit)
58 silly packumentCache corgi:https://registry.npmjs.org/express set size:337735 disposed:false
59 verbose cwd /Users/adithyakrishnan/AdSense-Site
60 verbose os Darwin 25.3.0
61 verbose node v24.12.0
62 verbose npm  v11.8.0
63 verbose exit 143
64 verbose code 143
